This file contains any messages produced by compilers while
running configure, to aid debugging if configure makes a mistake.

It was created by configure, which was
generated by GNU Autoconf 2.69.  Invocation command line was

  $ ./configure 

## --------- ##
## Platform. ##
## --------- ##

hostname = Nattakans-MacBook-Air.local
uname -m = x86_64
uname -r = 19.6.0
uname -s = Darwin
uname -v = Darwin Kernel Version 19.6.0: Thu Jun 18 20:49:00 PDT 2020; root:xnu-6153.141.1~1/RELEASE_X86_64

/usr/bin/uname -p = i386
/bin/uname -X     = unknown

/bin/arch              = unknown
/usr/bin/arch -k       = unknown
/usr/convex/getsysinfo = unknown
/usr/bin/hostinfo      = Mach kernel version:
	 Darwin Kernel Version 19.6.0: Thu Jun 18 20:49:00 PDT 2020; root:xnu-6153.141.1~1/RELEASE_X86_64
Kernel configured for up to 4 processors.
2 processors are physically available.
4 processors are logically available.
Processor type: x86_64h (Intel x86-64h Haswell)
Processors active: 0 1 2 3
Primary memory available: 8.00 gigabytes
Default processor set: 363 tasks, 2447 threads, 4 processors
Load average: 1.57, Mach factor: 2.81
/bin/machine           = unknown
/usr/bin/oslevel       = unknown
/bin/universe          = unknown

PATH: ~/program/jdk-12.0.2.jdk/Contents/Home/bin
PATH: ~/program/jdk-12.0.2.jdk/Contents/Home/bin
PATH: ~/program/jdk-12.0.2.jdk/Contents/Home/bin
PATH: /usr/local/bin
PATH: /usr/bin
PATH: /bin
PATH: /usr/sbin
PATH: /sbin
PATH: /Library/TeX/texbin


## ----------- ##
## Core tests. ##
## ----------- ##

configure:2336: checking for grep that handles long lines and -e
configure:2394: result: /usr/bin/grep
configure:2399: checking for egrep
configure:2461: result: /usr/bin/grep -E
configure:2466: checking for a sed that does not truncate output
configure:2530: result: /usr/bin/sed
configure:2669: checking for pkg-config
configure:2702: result: no
configure:2789: checking for cc
configure:2805: found /usr/bin/cc
configure:2816: result: cc
configure:2847: checking for C compiler version
configure:2856: cc --version >&5
Apple clang version 12.0.0 (clang-1200.0.32.2)
Target: x86_64-apple-darwin19.6.0
Thread model: posix
InstalledDir: /Library/Developer/CommandLineTools/usr/bin
configure:2867: $? = 0
configure:2856: cc -v >&5
Apple clang version 12.0.0 (clang-1200.0.32.2)
Target: x86_64-apple-darwin19.6.0
Thread model: posix
InstalledDir: /Library/Developer/CommandLineTools/usr/bin
configure:2867: $? = 0
configure:2856: cc -V >&5
clang: error: argument to '-V' is missing (expected 1 value)
clang: error: no input files
configure:2867: $? = 1
configure:2856: cc -qversion >&5
clang: error: unknown argument '-qversion'; did you mean '--version'?
clang: error: no input files
configure:2867: $? = 1
configure:2887: checking whether the C compiler works
configure:2909: cc    conftest.c  >&5
configure:2913: $? = 0
configure:2961: result: yes
configure:2964: checking for C compiler default output file name
configure:2966: result: a.out
configure:2972: checking for suffix of executables
configure:2979: cc -o conftest    conftest.c  >&5
configure:2983: $? = 0
configure:3005: result: 
configure:3027: checking whether we are cross compiling
configure:3035: cc -o conftest    conftest.c  >&5
configure:3039: $? = 0
configure:3046: ./conftest
configure:3050: $? = 0
configure:3065: result: no
configure:3070: checking for suffix of object files
configure:3092: cc -c   conftest.c >&5
configure:3096: $? = 0
configure:3117: result: o
configure:3121: checking whether we are using the GNU C compiler
configure:3140: cc -c   conftest.c >&5
configure:3140: $? = 0
configure:3149: result: yes
configure:3158: checking whether cc accepts -g
configure:3178: cc -c -g  conftest.c >&5
configure:3178: $? = 0
configure:3219: result: yes
configure:3236: checking for cc option to accept ISO C89
configure:3299: cc  -c -g -O2  conftest.c >&5
configure:3299: $? = 0
configure:3312: result: none needed
configure:3338: checking how to run the C preprocessor
configure:3369: cc -E  conftest.c
configure:3369: $? = 0
configure:3383: cc -E  conftest.c
conftest.c:9:10: fatal error: 'ac_nonexistent.h' file not found
#include <ac_nonexistent.h>
         ^~~~~~~~~~~~~~~~~~
1 error generated.
configure:3383: $? = 1
configure: failed program was:
| /* confdefs.h */
| #define PACKAGE_NAME ""
| #define PACKAGE_TARNAME ""
| #define PACKAGE_VERSION ""
| #define PACKAGE_STRING ""
| #define PACKAGE_BUGREPORT ""
| #define PACKAGE_URL ""
| /* end confdefs.h.  */
| #include <ac_nonexistent.h>
configure:3408: result: cc -E
configure:3428: cc -E  conftest.c
configure:3428: $? = 0
configure:3442: cc -E  conftest.c
conftest.c:9:10: fatal error: 'ac_nonexistent.h' file not found
#include <ac_nonexistent.h>
         ^~~~~~~~~~~~~~~~~~
1 error generated.
configure:3442: $? = 1
configure: failed program was:
| /* confdefs.h */
| #define PACKAGE_NAME ""
| #define PACKAGE_TARNAME ""
| #define PACKAGE_VERSION ""
| #define PACKAGE_STRING ""
| #define PACKAGE_BUGREPORT ""
| #define PACKAGE_URL ""
| /* end confdefs.h.  */
| #include <ac_nonexistent.h>
configure:3473: checking for icc
configure:3482: result: no
configure:3496: checking for suncc
configure:3505: result: no
configure:3523: checking for system library directory
configure:3538: result: lib
configure:3545: checking if compiler supports -R
configure:3564: cc -o conftest -g -O2   conftest.c -R /usr/lib  >&5
warning: unknown remark option '-R' [-Wunknown-warning-option]
1 warning generated.
ld: can't map file, errno=22 file '/Library/Developer/CommandLineTools/SDKs/MacOSX.sdk/usr/lib' for architecture x86_64
clang: error: linker command failed with exit code 1 (use -v to see invocation)
configure:3564: $? = 1
configure: failed program was:
| /* confdefs.h */
| #define PACKAGE_NAME ""
| #define PACKAGE_TARNAME ""
| #define PACKAGE_VERSION ""
| #define PACKAGE_STRING ""
| #define PACKAGE_BUGREPORT ""
| #define PACKAGE_URL ""
| /* end confdefs.h.  */
| 
| int
| main ()
| {
| 
|   ;
|   return 0;
| }
configure:3574: result: no
configure:3579: checking if compiler supports -Wl,-rpath,
configure:3598: cc -o conftest -g -O2   conftest.c -Wl,-rpath,/usr/lib  >&5
configure:3598: $? = 0
configure:3608: result: yes
configure:3624: checking build system type
configure:3638: result: x86_64-apple-darwin19.6.0
configure:3658: checking host system type
configure:3671: result: x86_64-apple-darwin19.6.0
configure:3691: checking target system type
configure:3704: result: x86_64-apple-darwin19.6.0
configure:3807: checking for PHP prefix
configure:3809: result: /usr/local/Cellar/php/7.4.11
configure:3811: checking for PHP includes
configure:3813: result: -I/usr/local/Cellar/php/7.4.11/include/php -I/usr/local/Cellar/php/7.4.11/include/php/main -I/usr/local/Cellar/php/7.4.11/include/php/TSRM -I/usr/local/Cellar/php/7.4.11/include/php/Zend -I/usr/local/Cellar/php/7.4.11/include/php/ext -I/usr/local/Cellar/php/7.4.11/include/php/ext/date/lib
configure:3815: checking for PHP extension directory
configure:3817: result: /usr/local/Cellar/php/7.4.11/pecl/20190902
configure:3819: checking for PHP installed headers prefix
configure:3821: result: /usr/local/Cellar/php/7.4.11/include/php
configure:3824: checking if debug is enabled
configure:3850: result: no
configure:3853: checking if zts is enabled
configure:3879: result: no
configure:3947: checking for gawk
configure:3978: result: no
configure:3947: checking for nawk
configure:3978: result: no
configure:3947: checking for awk
configure:3964: found /usr/bin/awk
configure:3975: result: awk
configure:3998: checking if awk is broken
configure:4005: result: no
configure:4019: checking whether to enable Xdebug support
configure:4058: result: yes, shared
configure:4067: checking whether to enable Xdebug developer build flags
configure:4081: result: no
configure:4089: checking Check for supported PHP versions
configure:4099: result: supported (7.4.11)
configure:4113: checking for gettimeofday
configure:4113: cc -o conftest -g -O2 -I/usr/local/Cellar/php/7.4.11/include/php -I/usr/local/Cellar/php/7.4.11/include/php/main -I/usr/local/Cellar/php/7.4.11/include/php/TSRM -I/usr/local/Cellar/php/7.4.11/include/php/Zend -I/usr/local/Cellar/php/7.4.11/include/php/ext -I/usr/local/Cellar/php/7.4.11/include/php/ext/date/lib   conftest.c  >&5
configure:4113: $? = 0
configure:4113: result: yes
configure:4122: checking for ANSI C header files
configure:4142: cc -c -g -O2 -I/usr/local/Cellar/php/7.4.11/include/php -I/usr/local/Cellar/php/7.4.11/include/php/main -I/usr/local/Cellar/php/7.4.11/include/php/TSRM -I/usr/local/Cellar/php/7.4.11/include/php/Zend -I/usr/local/Cellar/php/7.4.11/include/php/ext -I/usr/local/Cellar/php/7.4.11/include/php/ext/date/lib  conftest.c >&5
configure:4142: $? = 0
configure:4215: cc -o conftest -g -O2 -I/usr/local/Cellar/php/7.4.11/include/php -I/usr/local/Cellar/php/7.4.11/include/php/main -I/usr/local/Cellar/php/7.4.11/include/php/TSRM -I/usr/local/Cellar/php/7.4.11/include/php/Zend -I/usr/local/Cellar/php/7.4.11/include/php/ext -I/usr/local/Cellar/php/7.4.11/include/php/ext/date/lib   conftest.c  >&5
configure:4215: $? = 0
configure:4215: ./conftest
configure:4215: $? = 0
configure:4226: result: yes
configure:4239: checking for sys/types.h
configure:4239: cc -c -g -O2 -I/usr/local/Cellar/php/7.4.11/include/php -I/usr/local/Cellar/php/7.4.11/include/php/main -I/usr/local/Cellar/php/7.4.11/include/php/TSRM -I/usr/local/Cellar/php/7.4.11/include/php/Zend -I/usr/local/Cellar/php/7.4.11/include/php/ext -I/usr/local/Cellar/php/7.4.11/include/php/ext/date/lib  conftest.c >&5
configure:4239: $? = 0
configure:4239: result: yes
configure:4239: checking for sys/stat.h
configure:4239: cc -c -g -O2 -I/usr/local/Cellar/php/7.4.11/include/php -I/usr/local/Cellar/php/7.4.11/include/php/main -I/usr/local/Cellar/php/7.4.11/include/php/TSRM -I/usr/local/Cellar/php/7.4.11/include/php/Zend -I/usr/local/Cellar/php/7.4.11/include/php/ext -I/usr/local/Cellar/php/7.4.11/include/php/ext/date/lib  conftest.c >&5
configure:4239: $? = 0
configure:4239: result: yes
configure:4239: checking for stdlib.h
configure:4239: cc -c -g -O2 -I/usr/local/Cellar/php/7.4.11/include/php -I/usr/local/Cellar/php/7.4.11/include/php/main -I/usr/local/Cellar/php/7.4.11/include/php/TSRM -I/usr/local/Cellar/php/7.4.11/include/php/Zend -I/usr/local/Cellar/php/7.4.11/include/php/ext -I/usr/local/Cellar/php/7.4.11/include/php/ext/date/lib  conftest.c >&5
configure:4239: $? = 0
configure:4239: result: yes
configure:4239: checking for string.h
configure:4239: cc -c -g -O2 -I/usr/local/Cellar/php/7.4.11/include/php -I/usr/local/Cellar/php/7.4.11/include/php/main -I/usr/local/Cellar/php/7.4.11/include/php/TSRM -I/usr/local/Cellar/php/7.4.11/include/php/Zend -I/usr/local/Cellar/php/7.4.11/include/php/ext -I/usr/local/Cellar/php/7.4.11/include/php/ext/date/lib  conftest.c >&5
configure:4239: $? = 0
configure:4239: result: yes
configure:4239: checking for memory.h
configure:4239: cc -c -g -O2 -I/usr/local/Cellar/php/7.4.11/include/php -I/usr/local/Cellar/php/7.4.11/include/php/main -I/usr/local/Cellar/php/7.4.11/include/php/TSRM -I/usr/local/Cellar/php/7.4.11/include/php/Zend -I/usr/local/Cellar/php/7.4.11/include/php/ext -I/usr/local/Cellar/php/7.4.11/include/php/ext/date/lib  conftest.c >&5
configure:4239: $? = 0
configure:4239: result: yes
configure:4239: checking for strings.h
configure:4239: cc -c -g -O2 -I/usr/local/Cellar/php/7.4.11/include/php -I/usr/local/Cellar/php/7.4.11/include/php/main -I/usr/local/Cellar/php/7.4.11/include/php/TSRM -I/usr/local/Cellar/php/7.4.11/include/php/Zend -I/usr/local/Cellar/php/7.4.11/include/php/ext -I/usr/local/Cellar/php/7.4.11/include/php/ext/date/lib  conftest.c >&5
configure:4239: $? = 0
configure:4239: result: yes
configure:4239: checking for inttypes.h
configure:4239: cc -c -g -O2 -I/usr/local/Cellar/php/7.4.11/include/php -I/usr/local/Cellar/php/7.4.11/include/php/main -I/usr/local/Cellar/php/7.4.11/include/php/TSRM -I/usr/local/Cellar/php/7.4.11/include/php/Zend -I/usr/local/Cellar/php/7.4.11/include/php/ext -I/usr/local/Cellar/php/7.4.11/include/php/ext/date/lib  conftest.c >&5
configure:4239: $? = 0
configure:4239: result: yes
configure:4239: checking for stdint.h
configure:4239: cc -c -g -O2 -I/usr/local/Cellar/php/7.4.11/include/php -I/usr/local/Cellar/php/7.4.11/include/php/main -I/usr/local/Cellar/php/7.4.11/include/php/TSRM -I/usr/local/Cellar/php/7.4.11/include/php/Zend -I/usr/local/Cellar/php/7.4.11/include/php/ext -I/usr/local/Cellar/php/7.4.11/include/php/ext/date/lib  conftest.c >&5
configure:4239: $? = 0
configure:4239: result: yes
configure:4239: checking for unistd.h
configure:4239: cc -c -g -O2 -I/usr/local/Cellar/php/7.4.11/include/php -I/usr/local/Cellar/php/7.4.11/include/php/main -I/usr/local/Cellar/php/7.4.11/include/php/TSRM -I/usr/local/Cellar/php/7.4.11/include/php/Zend -I/usr/local/Cellar/php/7.4.11/include/php/ext -I/usr/local/Cellar/php/7.4.11/include/php/ext/date/lib  conftest.c >&5
configure:4239: $? = 0
configure:4239: result: yes
configure:4254: checking netinet/in.h usability
configure:4254: cc -c -g -O2 -I/usr/local/Cellar/php/7.4.11/include/php -I/usr/local/Cellar/php/7.4.11/include/php/main -I/usr/local/Cellar/php/7.4.11/include/php/TSRM -I/usr/local/Cellar/php/7.4.11/include/php/Zend -I/usr/local/Cellar/php/7.4.11/include/php/ext -I/usr/local/Cellar/php/7.4.11/include/php/ext/date/lib  conftest.c >&5
configure:4254: $? = 0
configure:4254: result: yes
configure:4254: checking netinet/in.h presence
configure:4254: cc -E -I/usr/local/Cellar/php/7.4.11/include/php -I/usr/local/Cellar/php/7.4.11/include/php/main -I/usr/local/Cellar/php/7.4.11/include/php/TSRM -I/usr/local/Cellar/php/7.4.11/include/php/Zend -I/usr/local/Cellar/php/7.4.11/include/php/ext -I/usr/local/Cellar/php/7.4.11/include/php/ext/date/lib  conftest.c
configure:4254: $? = 0
configure:4254: result: yes
configure:4254: checking for netinet/in.h
configure:4254: result: yes
configure:4254: checking poll.h usability
configure:4254: cc -c -g -O2 -I/usr/local/Cellar/php/7.4.11/include/php -I/usr/local/Cellar/php/7.4.11/include/php/main -I/usr/local/Cellar/php/7.4.11/include/php/TSRM -I/usr/local/Cellar/php/7.4.11/include/php/Zend -I/usr/local/Cellar/php/7.4.11/include/php/ext -I/usr/local/Cellar/php/7.4.11/include/php/ext/date/lib  conftest.c >&5
configure:4254: $? = 0
configure:4254: result: yes
configure:4254: checking poll.h presence
configure:4254: cc -E -I/usr/local/Cellar/php/7.4.11/include/php -I/usr/local/Cellar/php/7.4.11/include/php/main -I/usr/local/Cellar/php/7.4.11/include/php/TSRM -I/usr/local/Cellar/php/7.4.11/include/php/Zend -I/usr/local/Cellar/php/7.4.11/include/php/ext -I/usr/local/Cellar/php/7.4.11/include/php/ext/date/lib  conftest.c
configure:4254: $? = 0
configure:4254: result: yes
configure:4254: checking for poll.h
configure:4254: result: yes
configure:4254: checking sys/poll.h usability
configure:4254: cc -c -g -O2 -I/usr/local/Cellar/php/7.4.11/include/php -I/usr/local/Cellar/php/7.4.11/include/php/main -I/usr/local/Cellar/php/7.4.11/include/php/TSRM -I/usr/local/Cellar/php/7.4.11/include/php/Zend -I/usr/local/Cellar/php/7.4.11/include/php/ext -I/usr/local/Cellar/php/7.4.11/include/php/ext/date/lib  conftest.c >&5
configure:4254: $? = 0
configure:4254: result: yes
configure:4254: checking sys/poll.h presence
configure:4254: cc -E -I/usr/local/Cellar/php/7.4.11/include/php -I/usr/local/Cellar/php/7.4.11/include/php/main -I/usr/local/Cellar/php/7.4.11/include/php/TSRM -I/usr/local/Cellar/php/7.4.11/include/php/Zend -I/usr/local/Cellar/php/7.4.11/include/php/ext -I/usr/local/Cellar/php/7.4.11/include/php/ext/date/lib  conftest.c
configure:4254: $? = 0
configure:4254: result: yes
configure:4254: checking for sys/poll.h
configure:4254: result: yes
configure:4370: checking for cos in -lm
configure:4395: cc -o conftest -g -O2 -I/usr/local/Cellar/php/7.4.11/include/php -I/usr/local/Cellar/php/7.4.11/include/php/main -I/usr/local/Cellar/php/7.4.11/include/php/TSRM -I/usr/local/Cellar/php/7.4.11/include/php/Zend -I/usr/local/Cellar/php/7.4.11/include/php/ext -I/usr/local/Cellar/php/7.4.11/include/php/ext/date/lib   conftest.c -lm   >&5
conftest.c:31:6: warning: incompatible redeclaration of library function 'cos' [-Wincompatible-library-redeclaration]
char cos ();
     ^
conftest.c:31:6: note: 'cos' is a builtin with type 'double (double)'
1 warning generated.
configure:4395: $? = 0
configure:4404: result: yes
configure:6159: checking for a sed that does not truncate output
configure:6213: result: /usr/bin/sed
configure:6227: checking for ld used by cc
configure:6294: result: /Library/Developer/CommandLineTools/usr/bin/ld
configure:6301: checking if the linker (/Library/Developer/CommandLineTools/usr/bin/ld) is GNU ld
configure:6316: result: no
configure:6321: checking for /Library/Developer/CommandLineTools/usr/bin/ld option to reload object files
configure:6328: result: -r
configure:6346: checking for BSD-compatible nm
configure:6395: result: /usr/bin/nm -B
configure:6399: checking whether ln -s works
configure:6403: result: yes
configure:6410: checking how to recognize dependent libraries
configure:6596: result: pass_all
configure:6816: checking dlfcn.h usability
configure:6816: cc -c -g -O2  conftest.c >&5
configure:6816: $? = 0
configure:6816: result: yes
configure:6816: checking dlfcn.h presence
configure:6816: cc -E  conftest.c
configure:6816: $? = 0
configure:6816: result: yes
configure:6816: checking for dlfcn.h
configure:6816: result: yes
configure:6838: checking the maximum length of command line arguments
configure:6950: result: 196608
configure:6962: checking command to parse /usr/bin/nm -B output from cc object
configure:7067: cc -c -g -O2  conftest.c >&5
configure:7070: $? = 0
configure:7074: /usr/bin/nm -B conftest.o \| sed -n -e 's/^.*[ 	]\([BCDEGRST][BCDEGRST]*\)[ 	][ 	]*\([_A-Za-z][_A-Za-z0-9]*\)$/\1 \2 \2/p' \> conftest.nm
configure:7077: $? = 0
cannot find nm_test_var in conftest.nm
configure:7067: cc -c -g -O2  conftest.c >&5
configure:7070: $? = 0
configure:7074: /usr/bin/nm -B conftest.o \| sed -n -e 's/^.*[ 	]\([BCDEGRST][BCDEGRST]*\)[ 	][ 	]*_\([_A-Za-z][_A-Za-z0-9]*\)$/\1 _\2 \2/p' \> conftest.nm
configure:7077: $? = 0
configure:7129: cc -o conftest -g -O2   conftest.c conftstm.o >&5
warning: (x86_64)  could not find object file symbol for symbol _main
configure:7132: $? = 0
configure:7170: result: ok
configure:7174: checking for objdir
configure:7189: result: .libs
configure:7281: checking for ar
configure:7297: found /usr/bin/ar
configure:7308: result: ar
configure:7373: checking for ranlib
configure:7389: found /usr/bin/ranlib
configure:7400: result: ranlib
configure:7465: checking for strip
configure:7481: found /usr/bin/strip
configure:7492: result: strip
configure:7745: checking for dsymutil
configure:7761: found /usr/bin/dsymutil
configure:7772: result: dsymutil
configure:7837: checking for nmedit
configure:7853: found /usr/bin/nmedit
configure:7864: result: nmedit
configure:7887: checking for -single_module linker flag
configure:7908: result: yes
configure:7910: checking for -exported_symbols_list linker flag
configure:7926: cc -o conftest -g -O2   -Wl,-exported_symbols_list,conftest.sym conftest.c  >&5
configure:7929: $? = 0
configure:7943: result: yes
configure:8061: checking if cc supports -fno-rtti -fno-exceptions
configure:8079: cc -c -g -O2  -fno-rtti -fno-exceptions conftest.c >&5
configure:8083: $? = 0
configure:8096: result: yes
configure:8111: checking for cc option to produce PIC
configure:8351: result: -fno-common
configure:8359: checking if cc PIC flag -fno-common works
configure:8377: cc -c -g -O2  -fno-common -DPIC conftest.c >&5
configure:8381: $? = 0
configure:8394: result: yes
configure:8422: checking if cc static flag -static works
configure:8450: result: no
configure:8460: checking if cc supports -c -o file.o
configure:8481: cc -c -g -O2  -o out/conftest2.o conftest.c >&5
configure:8485: $? = 0
configure:8507: result: yes
configure:8533: checking whether the cc linker (/Library/Developer/CommandLineTools/usr/bin/ld) supports shared libraries
configure:9461: result: yes
configure:9528: checking dynamic linker characteristics
configure:10126: result: darwin19.6.0 dyld
configure:10150: checking how to hardcode library paths into programs
configure:10175: result: immediate
configure:10189: checking whether stripping libraries is possible
configure:10203: result: yes
configure:10711: checking if libtool supports shared libraries
configure:10713: result: yes
configure:10716: checking whether to build shared libraries
configure:10737: result: yes
configure:10740: checking whether to build static libraries
configure:10744: result: no
configure:10839: result:
creating libtool
configure:14535: patching config.h.in
configure:14546: creating ./config.status

## ---------------------- ##
## Running config.status. ##
## ---------------------- ##

This file was extended by config.status, which was
generated by GNU Autoconf 2.69.  Invocation command line was

  CONFIG_FILES    = 
  CONFIG_HEADERS  = 
  CONFIG_LINKS    = 
  CONFIG_COMMANDS = 
  $ ./config.status 

on Nattakans-MacBook-Air.local

config.status:681: creating config.h

## ---------------- ##
## Cache variables. ##
## ---------------- ##

ac_cv_build=x86_64-apple-darwin19.6.0
ac_cv_c_compiler_gnu=yes
ac_cv_env_CC_set=
ac_cv_env_CC_value=
ac_cv_env_CFLAGS_set=
ac_cv_env_CFLAGS_value=
ac_cv_env_CPPFLAGS_set=
ac_cv_env_CPPFLAGS_value=
ac_cv_env_CPP_set=
ac_cv_env_CPP_value=
ac_cv_env_LDFLAGS_set=
ac_cv_env_LDFLAGS_value=
ac_cv_env_LIBS_set=
ac_cv_env_LIBS_value=
ac_cv_env_PKG_CONFIG_LIBDIR_set=
ac_cv_env_PKG_CONFIG_LIBDIR_value=
ac_cv_env_PKG_CONFIG_PATH_set=
ac_cv_env_PKG_CONFIG_PATH_value=
ac_cv_env_PKG_CONFIG_set=
ac_cv_env_PKG_CONFIG_value=
ac_cv_env_build_alias_set=
ac_cv_env_build_alias_value=
ac_cv_env_host_alias_set=
ac_cv_env_host_alias_value=
ac_cv_env_target_alias_set=
ac_cv_env_target_alias_value=
ac_cv_func_gettimeofday=yes
ac_cv_header_dlfcn_h=yes
ac_cv_header_inttypes_h=yes
ac_cv_header_memory_h=yes
ac_cv_header_netinet_in_h=yes
ac_cv_header_poll_h=yes
ac_cv_header_stdc=yes
ac_cv_header_stdint_h=yes
ac_cv_header_stdlib_h=yes
ac_cv_header_string_h=yes
ac_cv_header_strings_h=yes
ac_cv_header_sys_poll_h=yes
ac_cv_header_sys_stat_h=yes
ac_cv_header_sys_types_h=yes
ac_cv_header_unistd_h=yes
ac_cv_host=x86_64-apple-darwin19.6.0
ac_cv_lib_m_cos=yes
ac_cv_objext=o
ac_cv_path_EGREP='/usr/bin/grep -E'
ac_cv_path_GREP=/usr/bin/grep
ac_cv_path_SED=/usr/bin/sed
ac_cv_prog_AWK=awk
ac_cv_prog_CPP='cc -E'
ac_cv_prog_ac_ct_AR=ar
ac_cv_prog_ac_ct_CC=cc
ac_cv_prog_ac_ct_DSYMUTIL=dsymutil
ac_cv_prog_ac_ct_NMEDIT=nmedit
ac_cv_prog_ac_ct_RANLIB=ranlib
ac_cv_prog_ac_ct_STRIP=strip
ac_cv_prog_cc_c89=
ac_cv_prog_cc_g=yes
ac_cv_target=x86_64-apple-darwin19.6.0
lt_cv_apple_cc_single_mod=yes
lt_cv_deplibs_check_method=pass_all
lt_cv_file_magic_cmd='$MAGIC_CMD'
lt_cv_file_magic_test_file=
lt_cv_ld_exported_symbols_list=yes
lt_cv_ld_reload_flag=-r
lt_cv_objdir=.libs
lt_cv_path_LD=/Library/Developer/CommandLineTools/usr/bin/ld
lt_cv_path_NM='/usr/bin/nm -B'
lt_cv_path_SED=/usr/bin/sed
lt_cv_prog_compiler_c_o=yes
lt_cv_prog_compiler_pic_works=yes
lt_cv_prog_compiler_rtti_exceptions=yes
lt_cv_prog_compiler_static_works=no
lt_cv_prog_gnu_ld=no
lt_cv_sys_global_symbol_pipe='sed -n -e '\''s/^.*[ 	]\([BCDEGRST][BCDEGRST]*\)[ 	][ 	]*_\([_A-Za-z][_A-Za-z0-9]*\)$/\1 _\2 \2/p'\'''
lt_cv_sys_global_symbol_to_c_name_address='sed -n -e '\''s/^: \([^ ]*\) $/  {\"\1\", (lt_ptr) 0},/p'\'' -e '\''s/^[BCDEGRST] \([^ ]*\) \([^ ]*\)$/  {"\2", (lt_ptr) \&\2},/p'\'''
lt_cv_sys_global_symbol_to_cdecl='sed -n -e '\''s/^. .* \(.*\)$/extern int \1;/p'\'''
lt_cv_sys_lib_dlsearch_path_spec='/usr/local/lib /lib /usr/lib'
lt_cv_sys_lib_search_path_spec='/Library/Developer/CommandLineTools/usr/lib/clang/12.0.0 /usr/local/lib'
lt_cv_sys_max_cmd_len=196608
lt_lt_cv_prog_compiler_c_o='"yes"'
lt_lt_cv_sys_global_symbol_pipe='"sed -n -e '\''s/^.*[ 	]\\([BCDEGRST][BCDEGRST]*\\)[ 	][ 	]*_\\([_A-Za-z][_A-Za-z0-9]*\\)\$/\\1 _\\2 \\2/p'\''"'
lt_lt_cv_sys_global_symbol_to_c_name_address='"sed -n -e '\''s/^: \\([^ ]*\\) \$/  {\\\"\\1\\\", (lt_ptr) 0},/p'\'' -e '\''s/^[BCDEGRST] \\([^ ]*\\) \\([^ ]*\\)\$/  {\"\\2\", (lt_ptr) \\&\\2},/p'\''"'
lt_lt_cv_sys_global_symbol_to_cdecl='"sed -n -e '\''s/^. .* \\(.*\\)\$/extern int \\1;/p'\''"'
php_cv_cc_dashr=no
php_cv_cc_rpath=yes

## ----------------- ##
## Output variables. ##
## ----------------- ##

AR='ar'
AWK='awk'
CC='cc'
CFLAGS='-g -O2'
CONFIGURE_COMMAND=' '\''./configure'\'' '
CONFIGURE_OPTIONS=''
CPP='cc -E'
CPPFLAGS=' -DHAVE_CONFIG_H'
DEFS='-DHAVE_CONFIG_H'
DSYMUTIL='dsymutil'
ECHO='/bin/echo'
ECHO_C='\c'
ECHO_N=''
ECHO_T=''
EGREP='/usr/bin/grep -E'
EXEEXT=''
GREP='/usr/bin/grep'
LDFLAGS=''
LIBOBJS=''
LIBS=''
LIBTOOL='$(SHELL) $(top_builddir)/libtool'
LN_S='ln -s'
LTLIBOBJS=''
NMEDIT='nmedit'
OBJEXT='o'
PACKAGE_BUGREPORT=''
PACKAGE_NAME=''
PACKAGE_STRING=''
PACKAGE_TARNAME=''
PACKAGE_URL=''
PACKAGE_VERSION=''
PATH_SEPARATOR=':'
PKG_CONFIG=''
PKG_CONFIG_LIBDIR=''
PKG_CONFIG_PATH=''
RANLIB='ranlib'
SED='/usr/bin/sed'
SHELL='/bin/sh'
SHLIB_DL_SUFFIX_NAME='so'
SHLIB_SUFFIX_NAME='dylib'
STRIP='strip'
ac_ct_CC='cc'
bindir='${exec_prefix}/bin'
build='x86_64-apple-darwin19.6.0'
build_alias=''
build_cpu='x86_64'
build_os='darwin19.6.0'
build_vendor='apple'
datadir='${datarootdir}'
datarootdir='${prefix}/share'
docdir='${datarootdir}/doc/${PACKAGE}'
dvidir='${docdir}'
exec_prefix='$(prefix)'
host='x86_64-apple-darwin19.6.0'
host_alias='x86_64-apple-darwin19.6.0'
host_cpu='x86_64'
host_os='darwin19.6.0'
host_vendor='apple'
htmldir='${docdir}'
includedir='${prefix}/include'
infodir='${datarootdir}/info'
libdir='${exec_prefix}/lib'
libexecdir='${exec_prefix}/libexec'
localedir='${datarootdir}/locale'
localstatedir='${prefix}/var'
mandir='${datarootdir}/man'
oldincludedir='/usr/include'
pdfdir='${docdir}'
prefix='/usr/local/Cellar/php/7.4.11'
program_transform_name='s,x,x,'
psdir='${docdir}'
sbindir='${exec_prefix}/sbin'
sharedstatedir='${prefix}/com'
sysconfdir='${prefix}/etc'
target='x86_64-apple-darwin19.6.0'
target_alias=''
target_cpu='x86_64'
target_os='darwin19.6.0'
target_vendor='apple'

## ----------- ##
## confdefs.h. ##
## ----------- ##

/* confdefs.h */
#define PACKAGE_NAME ""
#define PACKAGE_TARNAME ""
#define PACKAGE_VERSION ""
#define PACKAGE_STRING ""
#define PACKAGE_BUGREPORT ""
#define PACKAGE_URL ""
#define HAVE_XDEBUG 1
#define HAVE_GETTIMEOFDAY 1
#define STDC_HEADERS 1
#define HAVE_SYS_TYPES_H 1
#define HAVE_SYS_STAT_H 1
#define HAVE_STDLIB_H 1
#define HAVE_STRING_H 1
#define HAVE_MEMORY_H 1
#define HAVE_STRINGS_H 1
#define HAVE_INTTYPES_H 1
#define HAVE_STDINT_H 1
#define HAVE_UNISTD_H 1
#define HAVE_NETINET_IN_H 1
#define HAVE_POLL_H 1
#define HAVE_SYS_POLL_H 1
#define COMPILE_DL_XDEBUG 1
#define HAVE_DLFCN_H 1

configure: exit 0
